[2024-10-23T11:43:52.021+0000] {local_task_job_runner.py:120} INFO - ::group::Pre task execution logs
[2024-10-23T11:43:52.111+0000] {taskinstance.py:2076} INFO - Dependencies all met for dep_context=non-requeueable deps ti=<TaskInstance: airbyte_sync_tables_postgres.sync_schemas.OCORRENCIAS.airbyte_check_sync_OCORRENCIAS scheduled__2024-10-22T00:00:00+00:00 [queued]>
[2024-10-23T11:43:52.201+0000] {taskinstance.py:2076} INFO - Dependencies all met for dep_context=requeueable deps ti=<TaskInstance: airbyte_sync_tables_postgres.sync_schemas.OCORRENCIAS.airbyte_check_sync_OCORRENCIAS scheduled__2024-10-22T00:00:00+00:00 [queued]>
[2024-10-23T11:43:52.203+0000] {taskinstance.py:2306} INFO - Starting attempt 1 of 1
[2024-10-23T11:43:52.381+0000] {taskinstance.py:2330} INFO - Executing <Task(AirbyteJobSensor): sync_schemas.OCORRENCIAS.airbyte_check_sync_OCORRENCIAS> on 2024-10-22 00:00:00+00:00
[2024-10-23T11:43:52.398+0000] {standard_task_runner.py:90} INFO - Running: ['***', 'tasks', 'run', 'airbyte_sync_tables_postgres', 'sync_schemas.OCORRENCIAS.airbyte_check_sync_OCORRENCIAS', 'scheduled__2024-10-22T00:00:00+00:00', '--job-id', '62', '--raw', '--subdir', 'DAGS_FOLDER/airbyte_sync_tables_postgres.py', '--cfg-path', '/tmp/tmp48hzd1cb']
[2024-10-23T11:43:52.478+0000] {standard_task_runner.py:91} INFO - Job 62: Subtask sync_schemas.OCORRENCIAS.airbyte_check_sync_OCORRENCIAS
[2024-10-23T11:43:52.484+0000] {logging_mixin.py:188} WARNING - /home/***/.local/lib/python3.12/site-packages/***/task/task_runner/standard_task_runner.py:62 DeprecationWarning: This process (pid=3439) is multi-threaded, use of fork() may lead to deadlocks in the child.
[2024-10-23T11:43:52.487+0000] {standard_task_runner.py:64} INFO - Started process 3443 to run task
[2024-10-23T11:43:52.781+0000] {task_command.py:426} INFO - Running <TaskInstance: airbyte_sync_tables_postgres.sync_schemas.OCORRENCIAS.airbyte_check_sync_OCORRENCIAS scheduled__2024-10-22T00:00:00+00:00 [running]> on host efbb3a47dac9
[2024-10-23T11:43:53.309+0000] {taskinstance.py:2648} INFO - Exporting env vars: AIRFLOW_CTX_DAG_OWNER='vizentec-engdados' AIRFLOW_CTX_DAG_ID='airbyte_sync_tables_postgres' AIRFLOW_CTX_TASK_ID='sync_schemas.OCORRENCIAS.airbyte_check_sync_OCORRENCIAS' AIRFLOW_CTX_EXECUTION_DATE='2024-10-22T00:00:00+00:00' AIRFLOW_CTX_TRY_NUMBER='1' AIRFLOW_CTX_DAG_RUN_ID='scheduled__2024-10-22T00:00:00+00:00'
[2024-10-23T11:43:53.372+0000] {taskinstance.py:430} INFO - ::endgroup::
[2024-10-23T11:43:53.477+0000] {baseoperator.py:400} WARNING - AirbyteJobSensor.execute cannot be called outside TaskInstance!
[2024-10-23T11:43:53.491+0000] {base.py:84} INFO - Using connection ID 'airbyte_conn' for task execution.
[2024-10-23T11:43:53.559+0000] {airbyte.py:113} INFO - Waiting for job 30 to complete.
[2024-10-23T11:44:53.585+0000] {base.py:84} INFO - Using connection ID 'airbyte_conn' for task execution.
[2024-10-23T11:44:53.681+0000] {airbyte.py:113} INFO - Waiting for job 30 to complete.
[2024-10-23T11:45:53.694+0000] {base.py:84} INFO - Using connection ID 'airbyte_conn' for task execution.
[2024-10-23T11:45:53.814+0000] {airbyte.py:113} INFO - Waiting for job 30 to complete.
[2024-10-23T11:46:53.825+0000] {base.py:84} INFO - Using connection ID 'airbyte_conn' for task execution.
[2024-10-23T11:46:53.971+0000] {airbyte.py:113} INFO - Waiting for job 30 to complete.
[2024-10-23T11:47:53.978+0000] {base.py:84} INFO - Using connection ID 'airbyte_conn' for task execution.
[2024-10-23T11:47:54.148+0000] {airbyte.py:113} INFO - Waiting for job 30 to complete.
[2024-10-23T11:48:54.157+0000] {base.py:84} INFO - Using connection ID 'airbyte_conn' for task execution.
[2024-10-23T11:48:54.268+0000] {airbyte.py:108} INFO - Job 30 completed successfully.
[2024-10-23T11:48:54.270+0000] {base.py:294} INFO - Success criteria met. Exiting.
[2024-10-23T11:48:54.271+0000] {taskinstance.py:441} INFO - ::group::Post task execution logs
[2024-10-23T11:48:54.281+0000] {taskinstance.py:1206} INFO - Marking task as SUCCESS. dag_id=airbyte_sync_tables_postgres, task_id=sync_schemas.OCORRENCIAS.airbyte_check_sync_OCORRENCIAS, run_id=scheduled__2024-10-22T00:00:00+00:00, execution_date=20241022T000000, start_date=20241023T114352, end_date=20241023T114854
[2024-10-23T11:48:54.328+0000] {local_task_job_runner.py:243} INFO - Task exited with return code 0
[2024-10-23T11:48:54.363+0000] {taskinstance.py:3503} INFO - 0 downstream tasks scheduled from follow-on schedule check
[2024-10-23T11:48:54.365+0000] {local_task_job_runner.py:222} INFO - ::endgroup::
