[2024-11-07T00:00:09.075+0000] {processor.py:161} INFO - Started process (PID=8323) to work on /opt/airflow/dags/airbyte_sync_tables_postgres.py
[2024-11-07T00:00:09.077+0000] {processor.py:830} INFO - Processing file /opt/airflow/dags/airbyte_sync_tables_postgres.py for tasks to queue
[2024-11-07T00:00:09.079+0000] {logging_mixin.py:188} INFO - [2024-11-07T00:00:09.079+0000] {dagbag.py:545} INFO - Filling up the DagBag from /opt/airflow/dags/airbyte_sync_tables_postgres.py
[2024-11-07T00:00:09.116+0000] {processor.py:840} INFO - DAG(s) 'airbyte_sync_tables_postgres' retrieved from /opt/airflow/dags/airbyte_sync_tables_postgres.py
[2024-11-07T00:00:09.147+0000] {logging_mixin.py:188} INFO - [2024-11-07T00:00:09.147+0000] {dag.py:3089} INFO - Sync 1 DAGs
[2024-11-07T00:00:09.183+0000] {logging_mixin.py:188} INFO - [2024-11-07T00:00:09.182+0000] {dag.py:3947} INFO - Setting next_dagrun for airbyte_sync_tables_postgres to 2024-11-06 00:00:00+00:00, run_after=2024-11-07 00:00:00+00:00
[2024-11-07T00:00:09.251+0000] {processor.py:183} INFO - Processing /opt/airflow/dags/airbyte_sync_tables_postgres.py took 0.183 seconds
[2024-11-07T00:00:39.717+0000] {processor.py:161} INFO - Started process (PID=8345) to work on /opt/airflow/dags/airbyte_sync_tables_postgres.py
[2024-11-07T00:00:39.718+0000] {processor.py:830} INFO - Processing file /opt/airflow/dags/airbyte_sync_tables_postgres.py for tasks to queue
[2024-11-07T00:00:39.721+0000] {logging_mixin.py:188} INFO - [2024-11-07T00:00:39.721+0000] {dagbag.py:545} INFO - Filling up the DagBag from /opt/airflow/dags/airbyte_sync_tables_postgres.py
[2024-11-07T00:00:39.754+0000] {processor.py:840} INFO - DAG(s) 'airbyte_sync_tables_postgres' retrieved from /opt/airflow/dags/airbyte_sync_tables_postgres.py
[2024-11-07T00:00:39.790+0000] {logging_mixin.py:188} INFO - [2024-11-07T00:00:39.789+0000] {dag.py:3089} INFO - Sync 1 DAGs
[2024-11-07T00:00:39.828+0000] {logging_mixin.py:188} INFO - [2024-11-07T00:00:39.828+0000] {dag.py:3947} INFO - Setting next_dagrun for airbyte_sync_tables_postgres to 2024-11-06 00:00:00+00:00, run_after=2024-11-07 00:00:00+00:00
[2024-11-07T00:00:39.874+0000] {processor.py:183} INFO - Processing /opt/airflow/dags/airbyte_sync_tables_postgres.py took 0.168 seconds
[2024-11-07T00:01:10.294+0000] {processor.py:161} INFO - Started process (PID=8367) to work on /opt/airflow/dags/airbyte_sync_tables_postgres.py
[2024-11-07T00:01:10.296+0000] {processor.py:830} INFO - Processing file /opt/airflow/dags/airbyte_sync_tables_postgres.py for tasks to queue
[2024-11-07T00:01:10.300+0000] {logging_mixin.py:188} INFO - [2024-11-07T00:01:10.299+0000] {dagbag.py:545} INFO - Filling up the DagBag from /opt/airflow/dags/airbyte_sync_tables_postgres.py
[2024-11-07T00:01:10.348+0000] {processor.py:840} INFO - DAG(s) 'airbyte_sync_tables_postgres' retrieved from /opt/airflow/dags/airbyte_sync_tables_postgres.py
[2024-11-07T00:01:10.385+0000] {logging_mixin.py:188} INFO - [2024-11-07T00:01:10.384+0000] {dag.py:3089} INFO - Sync 1 DAGs
[2024-11-07T00:01:10.428+0000] {logging_mixin.py:188} INFO - [2024-11-07T00:01:10.427+0000] {dag.py:3947} INFO - Setting next_dagrun for airbyte_sync_tables_postgres to 2024-11-06 00:00:00+00:00, run_after=2024-11-07 00:00:00+00:00
[2024-11-07T00:01:10.506+0000] {processor.py:183} INFO - Processing /opt/airflow/dags/airbyte_sync_tables_postgres.py took 0.226 seconds
[2024-11-07T00:01:40.966+0000] {processor.py:161} INFO - Started process (PID=8389) to work on /opt/airflow/dags/airbyte_sync_tables_postgres.py
[2024-11-07T00:01:40.968+0000] {processor.py:830} INFO - Processing file /opt/airflow/dags/airbyte_sync_tables_postgres.py for tasks to queue
[2024-11-07T00:01:40.970+0000] {logging_mixin.py:188} INFO - [2024-11-07T00:01:40.970+0000] {dagbag.py:545} INFO - Filling up the DagBag from /opt/airflow/dags/airbyte_sync_tables_postgres.py
[2024-11-07T00:01:41.006+0000] {processor.py:840} INFO - DAG(s) 'airbyte_sync_tables_postgres' retrieved from /opt/airflow/dags/airbyte_sync_tables_postgres.py
[2024-11-07T00:01:41.037+0000] {logging_mixin.py:188} INFO - [2024-11-07T00:01:41.036+0000] {dag.py:3089} INFO - Sync 1 DAGs
[2024-11-07T00:01:41.072+0000] {logging_mixin.py:188} INFO - [2024-11-07T00:01:41.072+0000] {dag.py:3947} INFO - Setting next_dagrun for airbyte_sync_tables_postgres to 2024-11-06 00:00:00+00:00, run_after=2024-11-07 00:00:00+00:00
[2024-11-07T00:01:41.108+0000] {processor.py:183} INFO - Processing /opt/airflow/dags/airbyte_sync_tables_postgres.py took 0.148 seconds
[2024-11-07T00:02:11.623+0000] {processor.py:161} INFO - Started process (PID=8411) to work on /opt/airflow/dags/airbyte_sync_tables_postgres.py
[2024-11-07T00:02:11.624+0000] {processor.py:830} INFO - Processing file /opt/airflow/dags/airbyte_sync_tables_postgres.py for tasks to queue
[2024-11-07T00:02:11.627+0000] {logging_mixin.py:188} INFO - [2024-11-07T00:02:11.626+0000] {dagbag.py:545} INFO - Filling up the DagBag from /opt/airflow/dags/airbyte_sync_tables_postgres.py
[2024-11-07T00:02:11.657+0000] {processor.py:840} INFO - DAG(s) 'airbyte_sync_tables_postgres' retrieved from /opt/airflow/dags/airbyte_sync_tables_postgres.py
[2024-11-07T00:02:11.689+0000] {logging_mixin.py:188} INFO - [2024-11-07T00:02:11.688+0000] {dag.py:3089} INFO - Sync 1 DAGs
[2024-11-07T00:02:11.722+0000] {logging_mixin.py:188} INFO - [2024-11-07T00:02:11.722+0000] {dag.py:3947} INFO - Setting next_dagrun for airbyte_sync_tables_postgres to 2024-11-06 00:00:00+00:00, run_after=2024-11-07 00:00:00+00:00
[2024-11-07T00:02:11.756+0000] {processor.py:183} INFO - Processing /opt/airflow/dags/airbyte_sync_tables_postgres.py took 0.141 seconds
[2024-11-07T00:02:42.292+0000] {processor.py:161} INFO - Started process (PID=8433) to work on /opt/airflow/dags/airbyte_sync_tables_postgres.py
[2024-11-07T00:02:42.294+0000] {processor.py:830} INFO - Processing file /opt/airflow/dags/airbyte_sync_tables_postgres.py for tasks to queue
[2024-11-07T00:02:42.296+0000] {logging_mixin.py:188} INFO - [2024-11-07T00:02:42.296+0000] {dagbag.py:545} INFO - Filling up the DagBag from /opt/airflow/dags/airbyte_sync_tables_postgres.py
[2024-11-07T00:02:42.335+0000] {processor.py:840} INFO - DAG(s) 'airbyte_sync_tables_postgres' retrieved from /opt/airflow/dags/airbyte_sync_tables_postgres.py
[2024-11-07T00:02:42.368+0000] {logging_mixin.py:188} INFO - [2024-11-07T00:02:42.368+0000] {dag.py:3089} INFO - Sync 1 DAGs
[2024-11-07T00:02:42.401+0000] {logging_mixin.py:188} INFO - [2024-11-07T00:02:42.401+0000] {dag.py:3947} INFO - Setting next_dagrun for airbyte_sync_tables_postgres to 2024-11-06 00:00:00+00:00, run_after=2024-11-07 00:00:00+00:00
[2024-11-07T00:02:42.435+0000] {processor.py:183} INFO - Processing /opt/airflow/dags/airbyte_sync_tables_postgres.py took 0.149 seconds
[2024-11-07T00:03:12.966+0000] {processor.py:161} INFO - Started process (PID=8455) to work on /opt/airflow/dags/airbyte_sync_tables_postgres.py
[2024-11-07T00:03:12.969+0000] {processor.py:830} INFO - Processing file /opt/airflow/dags/airbyte_sync_tables_postgres.py for tasks to queue
[2024-11-07T00:03:12.973+0000] {logging_mixin.py:188} INFO - [2024-11-07T00:03:12.972+0000] {dagbag.py:545} INFO - Filling up the DagBag from /opt/airflow/dags/airbyte_sync_tables_postgres.py
[2024-11-07T00:03:13.017+0000] {processor.py:840} INFO - DAG(s) 'airbyte_sync_tables_postgres' retrieved from /opt/airflow/dags/airbyte_sync_tables_postgres.py
[2024-11-07T00:03:13.060+0000] {logging_mixin.py:188} INFO - [2024-11-07T00:03:13.060+0000] {dag.py:3089} INFO - Sync 1 DAGs
[2024-11-07T00:03:13.089+0000] {logging_mixin.py:188} INFO - [2024-11-07T00:03:13.088+0000] {dag.py:3947} INFO - Setting next_dagrun for airbyte_sync_tables_postgres to 2024-11-06 00:00:00+00:00, run_after=2024-11-07 00:00:00+00:00
[2024-11-07T00:03:13.118+0000] {processor.py:183} INFO - Processing /opt/airflow/dags/airbyte_sync_tables_postgres.py took 0.165 seconds
[2024-11-07T00:03:43.547+0000] {processor.py:161} INFO - Started process (PID=8477) to work on /opt/airflow/dags/airbyte_sync_tables_postgres.py
[2024-11-07T00:03:43.548+0000] {processor.py:830} INFO - Processing file /opt/airflow/dags/airbyte_sync_tables_postgres.py for tasks to queue
[2024-11-07T00:03:43.551+0000] {logging_mixin.py:188} INFO - [2024-11-07T00:03:43.550+0000] {dagbag.py:545} INFO - Filling up the DagBag from /opt/airflow/dags/airbyte_sync_tables_postgres.py
[2024-11-07T00:03:43.593+0000] {processor.py:840} INFO - DAG(s) 'airbyte_sync_tables_postgres' retrieved from /opt/airflow/dags/airbyte_sync_tables_postgres.py
[2024-11-07T00:03:43.632+0000] {logging_mixin.py:188} INFO - [2024-11-07T00:03:43.632+0000] {dag.py:3089} INFO - Sync 1 DAGs
[2024-11-07T00:03:43.681+0000] {logging_mixin.py:188} INFO - [2024-11-07T00:03:43.680+0000] {dag.py:3947} INFO - Setting next_dagrun for airbyte_sync_tables_postgres to 2024-11-06 00:00:00+00:00, run_after=2024-11-07 00:00:00+00:00
[2024-11-07T00:03:43.728+0000] {processor.py:183} INFO - Processing /opt/airflow/dags/airbyte_sync_tables_postgres.py took 0.188 seconds
[2024-11-07T00:04:14.051+0000] {processor.py:161} INFO - Started process (PID=8499) to work on /opt/airflow/dags/airbyte_sync_tables_postgres.py
[2024-11-07T00:04:14.053+0000] {processor.py:830} INFO - Processing file /opt/airflow/dags/airbyte_sync_tables_postgres.py for tasks to queue
[2024-11-07T00:04:14.055+0000] {logging_mixin.py:188} INFO - [2024-11-07T00:04:14.055+0000] {dagbag.py:545} INFO - Filling up the DagBag from /opt/airflow/dags/airbyte_sync_tables_postgres.py
[2024-11-07T00:04:14.087+0000] {processor.py:840} INFO - DAG(s) 'airbyte_sync_tables_postgres' retrieved from /opt/airflow/dags/airbyte_sync_tables_postgres.py
[2024-11-07T00:04:14.118+0000] {logging_mixin.py:188} INFO - [2024-11-07T00:04:14.118+0000] {dag.py:3089} INFO - Sync 1 DAGs
[2024-11-07T00:04:14.151+0000] {logging_mixin.py:188} INFO - [2024-11-07T00:04:14.151+0000] {dag.py:3947} INFO - Setting next_dagrun for airbyte_sync_tables_postgres to 2024-11-06 00:00:00+00:00, run_after=2024-11-07 00:00:00+00:00
[2024-11-07T00:04:14.186+0000] {processor.py:183} INFO - Processing /opt/airflow/dags/airbyte_sync_tables_postgres.py took 0.144 seconds
[2024-11-07T00:04:44.706+0000] {processor.py:161} INFO - Started process (PID=8522) to work on /opt/airflow/dags/airbyte_sync_tables_postgres.py
[2024-11-07T00:04:44.707+0000] {processor.py:830} INFO - Processing file /opt/airflow/dags/airbyte_sync_tables_postgres.py for tasks to queue
[2024-11-07T00:04:44.710+0000] {logging_mixin.py:188} INFO - [2024-11-07T00:04:44.709+0000] {dagbag.py:545} INFO - Filling up the DagBag from /opt/airflow/dags/airbyte_sync_tables_postgres.py
[2024-11-07T00:04:44.740+0000] {processor.py:840} INFO - DAG(s) 'airbyte_sync_tables_postgres' retrieved from /opt/airflow/dags/airbyte_sync_tables_postgres.py
[2024-11-07T00:04:44.772+0000] {logging_mixin.py:188} INFO - [2024-11-07T00:04:44.771+0000] {dag.py:3089} INFO - Sync 1 DAGs
[2024-11-07T00:04:44.811+0000] {logging_mixin.py:188} INFO - [2024-11-07T00:04:44.810+0000] {dag.py:3947} INFO - Setting next_dagrun for airbyte_sync_tables_postgres to 2024-11-06 00:00:00+00:00, run_after=2024-11-07 00:00:00+00:00
[2024-11-07T00:04:44.842+0000] {processor.py:183} INFO - Processing /opt/airflow/dags/airbyte_sync_tables_postgres.py took 0.143 seconds
[2024-11-07T00:05:15.317+0000] {processor.py:161} INFO - Started process (PID=8544) to work on /opt/airflow/dags/airbyte_sync_tables_postgres.py
[2024-11-07T00:05:15.319+0000] {processor.py:830} INFO - Processing file /opt/airflow/dags/airbyte_sync_tables_postgres.py for tasks to queue
[2024-11-07T00:05:15.322+0000] {logging_mixin.py:188} INFO - [2024-11-07T00:05:15.322+0000] {dagbag.py:545} INFO - Filling up the DagBag from /opt/airflow/dags/airbyte_sync_tables_postgres.py
[2024-11-07T00:05:15.353+0000] {processor.py:840} INFO - DAG(s) 'airbyte_sync_tables_postgres' retrieved from /opt/airflow/dags/airbyte_sync_tables_postgres.py
[2024-11-07T00:05:15.384+0000] {logging_mixin.py:188} INFO - [2024-11-07T00:05:15.384+0000] {dag.py:3089} INFO - Sync 1 DAGs
[2024-11-07T00:05:15.416+0000] {logging_mixin.py:188} INFO - [2024-11-07T00:05:15.415+0000] {dag.py:3947} INFO - Setting next_dagrun for airbyte_sync_tables_postgres to 2024-11-06 00:00:00+00:00, run_after=2024-11-07 00:00:00+00:00
[2024-11-07T00:05:15.471+0000] {processor.py:183} INFO - Processing /opt/airflow/dags/airbyte_sync_tables_postgres.py took 0.164 seconds
[2024-11-07T00:05:46.120+0000] {processor.py:161} INFO - Started process (PID=8566) to work on /opt/airflow/dags/airbyte_sync_tables_postgres.py
[2024-11-07T00:05:46.122+0000] {processor.py:830} INFO - Processing file /opt/airflow/dags/airbyte_sync_tables_postgres.py for tasks to queue
[2024-11-07T00:05:46.125+0000] {logging_mixin.py:188} INFO - [2024-11-07T00:05:46.124+0000] {dagbag.py:545} INFO - Filling up the DagBag from /opt/airflow/dags/airbyte_sync_tables_postgres.py
[2024-11-07T00:05:46.170+0000] {processor.py:840} INFO - DAG(s) 'airbyte_sync_tables_postgres' retrieved from /opt/airflow/dags/airbyte_sync_tables_postgres.py
[2024-11-07T00:05:46.211+0000] {logging_mixin.py:188} INFO - [2024-11-07T00:05:46.210+0000] {dag.py:3089} INFO - Sync 1 DAGs
[2024-11-07T00:05:46.251+0000] {logging_mixin.py:188} INFO - [2024-11-07T00:05:46.251+0000] {dag.py:3947} INFO - Setting next_dagrun for airbyte_sync_tables_postgres to 2024-11-06 00:00:00+00:00, run_after=2024-11-07 00:00:00+00:00
[2024-11-07T00:05:46.290+0000] {processor.py:183} INFO - Processing /opt/airflow/dags/airbyte_sync_tables_postgres.py took 0.179 seconds
[2024-11-07T00:06:16.539+0000] {processor.py:161} INFO - Started process (PID=8588) to work on /opt/airflow/dags/airbyte_sync_tables_postgres.py
[2024-11-07T00:06:16.541+0000] {processor.py:830} INFO - Processing file /opt/airflow/dags/airbyte_sync_tables_postgres.py for tasks to queue
[2024-11-07T00:06:16.543+0000] {logging_mixin.py:188} INFO - [2024-11-07T00:06:16.543+0000] {dagbag.py:545} INFO - Filling up the DagBag from /opt/airflow/dags/airbyte_sync_tables_postgres.py
[2024-11-07T00:06:16.582+0000] {processor.py:840} INFO - DAG(s) 'airbyte_sync_tables_postgres' retrieved from /opt/airflow/dags/airbyte_sync_tables_postgres.py
[2024-11-07T00:06:16.621+0000] {logging_mixin.py:188} INFO - [2024-11-07T00:06:16.620+0000] {dag.py:3089} INFO - Sync 1 DAGs
[2024-11-07T00:06:16.662+0000] {logging_mixin.py:188} INFO - [2024-11-07T00:06:16.661+0000] {dag.py:3947} INFO - Setting next_dagrun for airbyte_sync_tables_postgres to 2024-11-06 00:00:00+00:00, run_after=2024-11-07 00:00:00+00:00
[2024-11-07T00:06:16.725+0000] {processor.py:183} INFO - Processing /opt/airflow/dags/airbyte_sync_tables_postgres.py took 0.194 seconds
[2024-11-07T00:06:47.355+0000] {processor.py:161} INFO - Started process (PID=8610) to work on /opt/airflow/dags/airbyte_sync_tables_postgres.py
[2024-11-07T00:06:47.366+0000] {processor.py:830} INFO - Processing file /opt/airflow/dags/airbyte_sync_tables_postgres.py for tasks to queue
[2024-11-07T00:06:47.372+0000] {logging_mixin.py:188} INFO - [2024-11-07T00:06:47.371+0000] {dagbag.py:545} INFO - Filling up the DagBag from /opt/airflow/dags/airbyte_sync_tables_postgres.py
[2024-11-07T00:06:47.486+0000] {processor.py:840} INFO - DAG(s) 'airbyte_sync_tables_postgres' retrieved from /opt/airflow/dags/airbyte_sync_tables_postgres.py
[2024-11-07T00:06:47.602+0000] {logging_mixin.py:188} INFO - [2024-11-07T00:06:47.601+0000] {dag.py:3089} INFO - Sync 1 DAGs
[2024-11-07T00:06:47.770+0000] {logging_mixin.py:188} INFO - [2024-11-07T00:06:47.768+0000] {dag.py:3947} INFO - Setting next_dagrun for airbyte_sync_tables_postgres to 2024-11-06 00:00:00+00:00, run_after=2024-11-07 00:00:00+00:00
[2024-11-07T00:06:47.920+0000] {processor.py:183} INFO - Processing /opt/airflow/dags/airbyte_sync_tables_postgres.py took 0.593 seconds
[2024-11-07T00:07:18.639+0000] {processor.py:161} INFO - Started process (PID=8632) to work on /opt/airflow/dags/airbyte_sync_tables_postgres.py
[2024-11-07T00:07:18.643+0000] {processor.py:830} INFO - Processing file /opt/airflow/dags/airbyte_sync_tables_postgres.py for tasks to queue
[2024-11-07T00:07:18.648+0000] {logging_mixin.py:188} INFO - [2024-11-07T00:07:18.647+0000] {dagbag.py:545} INFO - Filling up the DagBag from /opt/airflow/dags/airbyte_sync_tables_postgres.py
[2024-11-07T00:07:18.723+0000] {processor.py:840} INFO - DAG(s) 'airbyte_sync_tables_postgres' retrieved from /opt/airflow/dags/airbyte_sync_tables_postgres.py
[2024-11-07T00:07:18.813+0000] {logging_mixin.py:188} INFO - [2024-11-07T00:07:18.812+0000] {dag.py:3089} INFO - Sync 1 DAGs
[2024-11-07T00:07:18.894+0000] {logging_mixin.py:188} INFO - [2024-11-07T00:07:18.893+0000] {dag.py:3947} INFO - Setting next_dagrun for airbyte_sync_tables_postgres to 2024-11-06 00:00:00+00:00, run_after=2024-11-07 00:00:00+00:00
[2024-11-07T00:07:18.988+0000] {processor.py:183} INFO - Processing /opt/airflow/dags/airbyte_sync_tables_postgres.py took 0.369 seconds
[2024-11-07T00:07:49.825+0000] {processor.py:161} INFO - Started process (PID=8654) to work on /opt/airflow/dags/airbyte_sync_tables_postgres.py
[2024-11-07T00:07:49.830+0000] {processor.py:830} INFO - Processing file /opt/airflow/dags/airbyte_sync_tables_postgres.py for tasks to queue
[2024-11-07T00:07:49.836+0000] {logging_mixin.py:188} INFO - [2024-11-07T00:07:49.835+0000] {dagbag.py:545} INFO - Filling up the DagBag from /opt/airflow/dags/airbyte_sync_tables_postgres.py
[2024-11-07T00:07:49.898+0000] {processor.py:840} INFO - DAG(s) 'airbyte_sync_tables_postgres' retrieved from /opt/airflow/dags/airbyte_sync_tables_postgres.py
[2024-11-07T00:07:49.963+0000] {logging_mixin.py:188} INFO - [2024-11-07T00:07:49.962+0000] {dag.py:3089} INFO - Sync 1 DAGs
[2024-11-07T00:07:50.048+0000] {logging_mixin.py:188} INFO - [2024-11-07T00:07:50.047+0000] {dag.py:3947} INFO - Setting next_dagrun for airbyte_sync_tables_postgres to 2024-11-06 00:00:00+00:00, run_after=2024-11-07 00:00:00+00:00
[2024-11-07T00:07:50.097+0000] {processor.py:183} INFO - Processing /opt/airflow/dags/airbyte_sync_tables_postgres.py took 0.289 seconds
[2024-11-07T00:08:20.683+0000] {processor.py:161} INFO - Started process (PID=8676) to work on /opt/airflow/dags/airbyte_sync_tables_postgres.py
[2024-11-07T00:08:20.684+0000] {processor.py:830} INFO - Processing file /opt/airflow/dags/airbyte_sync_tables_postgres.py for tasks to queue
[2024-11-07T00:08:20.688+0000] {logging_mixin.py:188} INFO - [2024-11-07T00:08:20.687+0000] {dagbag.py:545} INFO - Filling up the DagBag from /opt/airflow/dags/airbyte_sync_tables_postgres.py
[2024-11-07T00:08:20.741+0000] {processor.py:840} INFO - DAG(s) 'airbyte_sync_tables_postgres' retrieved from /opt/airflow/dags/airbyte_sync_tables_postgres.py
[2024-11-07T00:08:20.815+0000] {logging_mixin.py:188} INFO - [2024-11-07T00:08:20.814+0000] {dag.py:3089} INFO - Sync 1 DAGs
[2024-11-07T00:08:20.880+0000] {logging_mixin.py:188} INFO - [2024-11-07T00:08:20.880+0000] {dag.py:3947} INFO - Setting next_dagrun for airbyte_sync_tables_postgres to 2024-11-06 00:00:00+00:00, run_after=2024-11-07 00:00:00+00:00
[2024-11-07T00:08:20.970+0000] {processor.py:183} INFO - Processing /opt/airflow/dags/airbyte_sync_tables_postgres.py took 0.300 seconds
[2024-11-07T00:08:51.764+0000] {processor.py:161} INFO - Started process (PID=8705) to work on /opt/airflow/dags/airbyte_sync_tables_postgres.py
[2024-11-07T00:08:51.769+0000] {processor.py:830} INFO - Processing file /opt/airflow/dags/airbyte_sync_tables_postgres.py for tasks to queue
[2024-11-07T00:08:51.784+0000] {logging_mixin.py:188} INFO - [2024-11-07T00:08:51.781+0000] {dagbag.py:545} INFO - Filling up the DagBag from /opt/airflow/dags/airbyte_sync_tables_postgres.py
[2024-11-07T00:08:51.902+0000] {processor.py:840} INFO - DAG(s) 'airbyte_sync_tables_postgres' retrieved from /opt/airflow/dags/airbyte_sync_tables_postgres.py
[2024-11-07T00:08:52.203+0000] {logging_mixin.py:188} INFO - [2024-11-07T00:08:52.202+0000] {dag.py:3089} INFO - Sync 1 DAGs
[2024-11-07T00:08:52.400+0000] {logging_mixin.py:188} INFO - [2024-11-07T00:08:52.398+0000] {dag.py:3947} INFO - Setting next_dagrun for airbyte_sync_tables_postgres to 2024-11-06 00:00:00+00:00, run_after=2024-11-07 00:00:00+00:00
[2024-11-07T00:08:52.525+0000] {processor.py:183} INFO - Processing /opt/airflow/dags/airbyte_sync_tables_postgres.py took 0.804 seconds
[2024-11-07T00:09:23.403+0000] {processor.py:161} INFO - Started process (PID=8727) to work on /opt/airflow/dags/airbyte_sync_tables_postgres.py
[2024-11-07T00:09:23.417+0000] {processor.py:830} INFO - Processing file /opt/airflow/dags/airbyte_sync_tables_postgres.py for tasks to queue
[2024-11-07T00:09:23.442+0000] {logging_mixin.py:188} INFO - [2024-11-07T00:09:23.439+0000] {dagbag.py:545} INFO - Filling up the DagBag from /opt/airflow/dags/airbyte_sync_tables_postgres.py
[2024-11-07T00:09:23.684+0000] {processor.py:840} INFO - DAG(s) 'airbyte_sync_tables_postgres' retrieved from /opt/airflow/dags/airbyte_sync_tables_postgres.py
[2024-11-07T00:09:23.829+0000] {logging_mixin.py:188} INFO - [2024-11-07T00:09:23.829+0000] {dag.py:3089} INFO - Sync 1 DAGs
[2024-11-07T00:09:23.964+0000] {logging_mixin.py:188} INFO - [2024-11-07T00:09:23.963+0000] {dag.py:3947} INFO - Setting next_dagrun for airbyte_sync_tables_postgres to 2024-11-06 00:00:00+00:00, run_after=2024-11-07 00:00:00+00:00
[2024-11-07T00:09:24.167+0000] {processor.py:183} INFO - Processing /opt/airflow/dags/airbyte_sync_tables_postgres.py took 0.912 seconds
[2024-11-07T00:09:54.622+0000] {processor.py:161} INFO - Started process (PID=8749) to work on /opt/airflow/dags/airbyte_sync_tables_postgres.py
[2024-11-07T00:09:54.625+0000] {processor.py:830} INFO - Processing file /opt/airflow/dags/airbyte_sync_tables_postgres.py for tasks to queue
[2024-11-07T00:09:54.633+0000] {logging_mixin.py:188} INFO - [2024-11-07T00:09:54.631+0000] {dagbag.py:545} INFO - Filling up the DagBag from /opt/airflow/dags/airbyte_sync_tables_postgres.py
[2024-11-07T00:09:54.711+0000] {processor.py:840} INFO - DAG(s) 'airbyte_sync_tables_postgres' retrieved from /opt/airflow/dags/airbyte_sync_tables_postgres.py
[2024-11-07T00:09:54.794+0000] {logging_mixin.py:188} INFO - [2024-11-07T00:09:54.793+0000] {dag.py:3089} INFO - Sync 1 DAGs
[2024-11-07T00:09:54.877+0000] {logging_mixin.py:188} INFO - [2024-11-07T00:09:54.877+0000] {dag.py:3947} INFO - Setting next_dagrun for airbyte_sync_tables_postgres to 2024-11-06 00:00:00+00:00, run_after=2024-11-07 00:00:00+00:00
[2024-11-07T00:09:54.982+0000] {processor.py:183} INFO - Processing /opt/airflow/dags/airbyte_sync_tables_postgres.py took 0.386 seconds
[2024-11-07T00:10:25.079+0000] {processor.py:161} INFO - Started process (PID=8771) to work on /opt/airflow/dags/airbyte_sync_tables_postgres.py
[2024-11-07T00:10:25.081+0000] {processor.py:830} INFO - Processing file /opt/airflow/dags/airbyte_sync_tables_postgres.py for tasks to queue
[2024-11-07T00:10:25.084+0000] {logging_mixin.py:188} INFO - [2024-11-07T00:10:25.083+0000] {dagbag.py:545} INFO - Filling up the DagBag from /opt/airflow/dags/airbyte_sync_tables_postgres.py
[2024-11-07T00:10:25.113+0000] {processor.py:840} INFO - DAG(s) 'airbyte_sync_tables_postgres' retrieved from /opt/airflow/dags/airbyte_sync_tables_postgres.py
[2024-11-07T00:10:25.146+0000] {logging_mixin.py:188} INFO - [2024-11-07T00:10:25.146+0000] {dag.py:3089} INFO - Sync 1 DAGs
[2024-11-07T00:10:25.193+0000] {logging_mixin.py:188} INFO - [2024-11-07T00:10:25.192+0000] {dag.py:3947} INFO - Setting next_dagrun for airbyte_sync_tables_postgres to 2024-11-06 00:00:00+00:00, run_after=2024-11-07 00:00:00+00:00
[2024-11-07T00:10:25.243+0000] {processor.py:183} INFO - Processing /opt/airflow/dags/airbyte_sync_tables_postgres.py took 0.170 seconds
[2024-11-07T00:10:56.101+0000] {processor.py:161} INFO - Started process (PID=8793) to work on /opt/airflow/dags/airbyte_sync_tables_postgres.py
[2024-11-07T00:10:56.107+0000] {processor.py:830} INFO - Processing file /opt/airflow/dags/airbyte_sync_tables_postgres.py for tasks to queue
[2024-11-07T00:10:56.116+0000] {logging_mixin.py:188} INFO - [2024-11-07T00:10:56.114+0000] {dagbag.py:545} INFO - Filling up the DagBag from /opt/airflow/dags/airbyte_sync_tables_postgres.py
[2024-11-07T00:10:56.193+0000] {processor.py:840} INFO - DAG(s) 'airbyte_sync_tables_postgres' retrieved from /opt/airflow/dags/airbyte_sync_tables_postgres.py
[2024-11-07T00:10:56.272+0000] {logging_mixin.py:188} INFO - [2024-11-07T00:10:56.272+0000] {dag.py:3089} INFO - Sync 1 DAGs
[2024-11-07T00:10:56.340+0000] {logging_mixin.py:188} INFO - [2024-11-07T00:10:56.339+0000] {dag.py:3947} INFO - Setting next_dagrun for airbyte_sync_tables_postgres to 2024-11-06 00:00:00+00:00, run_after=2024-11-07 00:00:00+00:00
[2024-11-07T00:10:56.410+0000] {processor.py:183} INFO - Processing /opt/airflow/dags/airbyte_sync_tables_postgres.py took 0.355 seconds
[2024-11-07T00:11:26.685+0000] {processor.py:161} INFO - Started process (PID=8815) to work on /opt/airflow/dags/airbyte_sync_tables_postgres.py
[2024-11-07T00:11:26.687+0000] {processor.py:830} INFO - Processing file /opt/airflow/dags/airbyte_sync_tables_postgres.py for tasks to queue
[2024-11-07T00:11:26.691+0000] {logging_mixin.py:188} INFO - [2024-11-07T00:11:26.690+0000] {dagbag.py:545} INFO - Filling up the DagBag from /opt/airflow/dags/airbyte_sync_tables_postgres.py
[2024-11-07T00:11:26.729+0000] {processor.py:840} INFO - DAG(s) 'airbyte_sync_tables_postgres' retrieved from /opt/airflow/dags/airbyte_sync_tables_postgres.py
[2024-11-07T00:11:26.774+0000] {logging_mixin.py:188} INFO - [2024-11-07T00:11:26.773+0000] {dag.py:3089} INFO - Sync 1 DAGs
[2024-11-07T00:11:26.818+0000] {logging_mixin.py:188} INFO - [2024-11-07T00:11:26.818+0000] {dag.py:3947} INFO - Setting next_dagrun for airbyte_sync_tables_postgres to 2024-11-06 00:00:00+00:00, run_after=2024-11-07 00:00:00+00:00
[2024-11-07T00:11:26.862+0000] {processor.py:183} INFO - Processing /opt/airflow/dags/airbyte_sync_tables_postgres.py took 0.184 seconds
[2024-11-07T00:11:57.387+0000] {processor.py:161} INFO - Started process (PID=8837) to work on /opt/airflow/dags/airbyte_sync_tables_postgres.py
[2024-11-07T00:11:57.388+0000] {processor.py:830} INFO - Processing file /opt/airflow/dags/airbyte_sync_tables_postgres.py for tasks to queue
[2024-11-07T00:11:57.391+0000] {logging_mixin.py:188} INFO - [2024-11-07T00:11:57.391+0000] {dagbag.py:545} INFO - Filling up the DagBag from /opt/airflow/dags/airbyte_sync_tables_postgres.py
[2024-11-07T00:11:57.426+0000] {processor.py:840} INFO - DAG(s) 'airbyte_sync_tables_postgres' retrieved from /opt/airflow/dags/airbyte_sync_tables_postgres.py
[2024-11-07T00:11:57.455+0000] {logging_mixin.py:188} INFO - [2024-11-07T00:11:57.455+0000] {dag.py:3089} INFO - Sync 1 DAGs
[2024-11-07T00:11:57.485+0000] {logging_mixin.py:188} INFO - [2024-11-07T00:11:57.485+0000] {dag.py:3947} INFO - Setting next_dagrun for airbyte_sync_tables_postgres to 2024-11-06 00:00:00+00:00, run_after=2024-11-07 00:00:00+00:00
[2024-11-07T00:11:57.521+0000] {processor.py:183} INFO - Processing /opt/airflow/dags/airbyte_sync_tables_postgres.py took 0.140 seconds
[2024-11-07T00:12:28.170+0000] {processor.py:161} INFO - Started process (PID=8859) to work on /opt/airflow/dags/airbyte_sync_tables_postgres.py
[2024-11-07T00:12:28.172+0000] {processor.py:830} INFO - Processing file /opt/airflow/dags/airbyte_sync_tables_postgres.py for tasks to queue
[2024-11-07T00:12:28.174+0000] {logging_mixin.py:188} INFO - [2024-11-07T00:12:28.174+0000] {dagbag.py:545} INFO - Filling up the DagBag from /opt/airflow/dags/airbyte_sync_tables_postgres.py
[2024-11-07T00:12:28.206+0000] {processor.py:840} INFO - DAG(s) 'airbyte_sync_tables_postgres' retrieved from /opt/airflow/dags/airbyte_sync_tables_postgres.py
[2024-11-07T00:12:28.238+0000] {logging_mixin.py:188} INFO - [2024-11-07T00:12:28.238+0000] {dag.py:3089} INFO - Sync 1 DAGs
[2024-11-07T00:12:28.274+0000] {logging_mixin.py:188} INFO - [2024-11-07T00:12:28.274+0000] {dag.py:3947} INFO - Setting next_dagrun for airbyte_sync_tables_postgres to 2024-11-06 00:00:00+00:00, run_after=2024-11-07 00:00:00+00:00
[2024-11-07T00:12:28.313+0000] {processor.py:183} INFO - Processing /opt/airflow/dags/airbyte_sync_tables_postgres.py took 0.148 seconds
[2024-11-07T00:12:58.633+0000] {processor.py:161} INFO - Started process (PID=8882) to work on /opt/airflow/dags/airbyte_sync_tables_postgres.py
[2024-11-07T00:12:58.635+0000] {processor.py:830} INFO - Processing file /opt/airflow/dags/airbyte_sync_tables_postgres.py for tasks to queue
[2024-11-07T00:12:58.637+0000] {logging_mixin.py:188} INFO - [2024-11-07T00:12:58.637+0000] {dagbag.py:545} INFO - Filling up the DagBag from /opt/airflow/dags/airbyte_sync_tables_postgres.py
[2024-11-07T00:12:58.668+0000] {processor.py:840} INFO - DAG(s) 'airbyte_sync_tables_postgres' retrieved from /opt/airflow/dags/airbyte_sync_tables_postgres.py
[2024-11-07T00:12:58.700+0000] {logging_mixin.py:188} INFO - [2024-11-07T00:12:58.700+0000] {dag.py:3089} INFO - Sync 1 DAGs
[2024-11-07T00:12:58.733+0000] {logging_mixin.py:188} INFO - [2024-11-07T00:12:58.733+0000] {dag.py:3947} INFO - Setting next_dagrun for airbyte_sync_tables_postgres to 2024-11-06 00:00:00+00:00, run_after=2024-11-07 00:00:00+00:00
[2024-11-07T00:12:58.770+0000] {processor.py:183} INFO - Processing /opt/airflow/dags/airbyte_sync_tables_postgres.py took 0.144 seconds
[2024-11-07T00:13:29.313+0000] {processor.py:161} INFO - Started process (PID=8904) to work on /opt/airflow/dags/airbyte_sync_tables_postgres.py
[2024-11-07T00:13:29.314+0000] {processor.py:830} INFO - Processing file /opt/airflow/dags/airbyte_sync_tables_postgres.py for tasks to queue
[2024-11-07T00:13:29.318+0000] {logging_mixin.py:188} INFO - [2024-11-07T00:13:29.317+0000] {dagbag.py:545} INFO - Filling up the DagBag from /opt/airflow/dags/airbyte_sync_tables_postgres.py
[2024-11-07T00:13:29.354+0000] {processor.py:840} INFO - DAG(s) 'airbyte_sync_tables_postgres' retrieved from /opt/airflow/dags/airbyte_sync_tables_postgres.py
[2024-11-07T00:13:29.383+0000] {logging_mixin.py:188} INFO - [2024-11-07T00:13:29.383+0000] {dag.py:3089} INFO - Sync 1 DAGs
[2024-11-07T00:13:29.412+0000] {logging_mixin.py:188} INFO - [2024-11-07T00:13:29.412+0000] {dag.py:3947} INFO - Setting next_dagrun for airbyte_sync_tables_postgres to 2024-11-06 00:00:00+00:00, run_after=2024-11-07 00:00:00+00:00
[2024-11-07T00:13:29.447+0000] {processor.py:183} INFO - Processing /opt/airflow/dags/airbyte_sync_tables_postgres.py took 0.140 seconds
[2024-11-07T00:13:59.950+0000] {processor.py:161} INFO - Started process (PID=8926) to work on /opt/airflow/dags/airbyte_sync_tables_postgres.py
[2024-11-07T00:13:59.951+0000] {processor.py:830} INFO - Processing file /opt/airflow/dags/airbyte_sync_tables_postgres.py for tasks to queue
[2024-11-07T00:13:59.955+0000] {logging_mixin.py:188} INFO - [2024-11-07T00:13:59.954+0000] {dagbag.py:545} INFO - Filling up the DagBag from /opt/airflow/dags/airbyte_sync_tables_postgres.py
[2024-11-07T00:13:59.986+0000] {processor.py:840} INFO - DAG(s) 'airbyte_sync_tables_postgres' retrieved from /opt/airflow/dags/airbyte_sync_tables_postgres.py
[2024-11-07T00:14:00.038+0000] {logging_mixin.py:188} INFO - [2024-11-07T00:14:00.038+0000] {dag.py:3089} INFO - Sync 1 DAGs
[2024-11-07T00:14:00.080+0000] {logging_mixin.py:188} INFO - [2024-11-07T00:14:00.079+0000] {dag.py:3947} INFO - Setting next_dagrun for airbyte_sync_tables_postgres to 2024-11-06 00:00:00+00:00, run_after=2024-11-07 00:00:00+00:00
[2024-11-07T00:14:00.118+0000] {processor.py:183} INFO - Processing /opt/airflow/dags/airbyte_sync_tables_postgres.py took 0.176 seconds
[2024-11-07T00:14:30.398+0000] {processor.py:161} INFO - Started process (PID=8948) to work on /opt/airflow/dags/airbyte_sync_tables_postgres.py
[2024-11-07T00:14:30.400+0000] {processor.py:830} INFO - Processing file /opt/airflow/dags/airbyte_sync_tables_postgres.py for tasks to queue
[2024-11-07T00:14:30.405+0000] {logging_mixin.py:188} INFO - [2024-11-07T00:14:30.405+0000] {dagbag.py:545} INFO - Filling up the DagBag from /opt/airflow/dags/airbyte_sync_tables_postgres.py
[2024-11-07T00:14:30.448+0000] {processor.py:840} INFO - DAG(s) 'airbyte_sync_tables_postgres' retrieved from /opt/airflow/dags/airbyte_sync_tables_postgres.py
[2024-11-07T00:14:30.492+0000] {logging_mixin.py:188} INFO - [2024-11-07T00:14:30.492+0000] {dag.py:3089} INFO - Sync 1 DAGs
[2024-11-07T00:14:30.535+0000] {logging_mixin.py:188} INFO - [2024-11-07T00:14:30.535+0000] {dag.py:3947} INFO - Setting next_dagrun for airbyte_sync_tables_postgres to 2024-11-06 00:00:00+00:00, run_after=2024-11-07 00:00:00+00:00
[2024-11-07T00:14:30.579+0000] {processor.py:183} INFO - Processing /opt/airflow/dags/airbyte_sync_tables_postgres.py took 0.192 seconds
[2024-11-07T00:15:00.855+0000] {processor.py:161} INFO - Started process (PID=8970) to work on /opt/airflow/dags/airbyte_sync_tables_postgres.py
[2024-11-07T00:15:00.859+0000] {processor.py:830} INFO - Processing file /opt/airflow/dags/airbyte_sync_tables_postgres.py for tasks to queue
[2024-11-07T00:15:00.872+0000] {logging_mixin.py:188} INFO - [2024-11-07T00:15:00.870+0000] {dagbag.py:545} INFO - Filling up the DagBag from /opt/airflow/dags/airbyte_sync_tables_postgres.py
[2024-11-07T00:15:01.049+0000] {processor.py:840} INFO - DAG(s) 'airbyte_sync_tables_postgres' retrieved from /opt/airflow/dags/airbyte_sync_tables_postgres.py
[2024-11-07T00:15:01.288+0000] {logging_mixin.py:188} INFO - [2024-11-07T00:15:01.286+0000] {dag.py:3089} INFO - Sync 1 DAGs
[2024-11-07T00:15:01.555+0000] {logging_mixin.py:188} INFO - [2024-11-07T00:15:01.553+0000] {dag.py:3947} INFO - Setting next_dagrun for airbyte_sync_tables_postgres to 2024-11-06 00:00:00+00:00, run_after=2024-11-07 00:00:00+00:00
[2024-11-07T00:15:01.842+0000] {processor.py:183} INFO - Processing /opt/airflow/dags/airbyte_sync_tables_postgres.py took 1.029 seconds
[2024-11-07T00:15:32.652+0000] {processor.py:161} INFO - Started process (PID=8991) to work on /opt/airflow/dags/airbyte_sync_tables_postgres.py
[2024-11-07T00:15:32.662+0000] {processor.py:830} INFO - Processing file /opt/airflow/dags/airbyte_sync_tables_postgres.py for tasks to queue
[2024-11-07T00:15:32.678+0000] {logging_mixin.py:188} INFO - [2024-11-07T00:15:32.671+0000] {dagbag.py:545} INFO - Filling up the DagBag from /opt/airflow/dags/airbyte_sync_tables_postgres.py
[2024-11-07T00:15:32.889+0000] {processor.py:840} INFO - DAG(s) 'airbyte_sync_tables_postgres' retrieved from /opt/airflow/dags/airbyte_sync_tables_postgres.py
[2024-11-07T00:15:33.081+0000] {logging_mixin.py:188} INFO - [2024-11-07T00:15:33.080+0000] {dag.py:3089} INFO - Sync 1 DAGs
[2024-11-07T00:15:33.290+0000] {logging_mixin.py:188} INFO - [2024-11-07T00:15:33.289+0000] {dag.py:3947} INFO - Setting next_dagrun for airbyte_sync_tables_postgres to 2024-11-06 00:00:00+00:00, run_after=2024-11-07 00:00:00+00:00
[2024-11-07T00:15:33.674+0000] {processor.py:183} INFO - Processing /opt/airflow/dags/airbyte_sync_tables_postgres.py took 1.065 seconds
[2024-11-07T00:16:05.691+0000] {processor.py:161} INFO - Started process (PID=9013) to work on /opt/airflow/dags/airbyte_sync_tables_postgres.py
[2024-11-07T00:16:05.719+0000] {processor.py:830} INFO - Processing file /opt/airflow/dags/airbyte_sync_tables_postgres.py for tasks to queue
[2024-11-07T00:16:05.753+0000] {logging_mixin.py:188} INFO - [2024-11-07T00:16:05.751+0000] {dagbag.py:545} INFO - Filling up the DagBag from /opt/airflow/dags/airbyte_sync_tables_postgres.py
[2024-11-07T00:16:06.244+0000] {processor.py:840} INFO - DAG(s) 'airbyte_sync_tables_postgres' retrieved from /opt/airflow/dags/airbyte_sync_tables_postgres.py
[2024-11-07T00:16:06.921+0000] {logging_mixin.py:188} INFO - [2024-11-07T00:16:06.920+0000] {dag.py:3089} INFO - Sync 1 DAGs
[2024-11-07T00:16:07.640+0000] {logging_mixin.py:188} INFO - [2024-11-07T00:16:07.638+0000] {dag.py:3947} INFO - Setting next_dagrun for airbyte_sync_tables_postgres to 2024-11-06 00:00:00+00:00, run_after=2024-11-07 00:00:00+00:00
[2024-11-07T00:16:08.351+0000] {processor.py:183} INFO - Processing /opt/airflow/dags/airbyte_sync_tables_postgres.py took 3.308 seconds
[2024-11-07T00:16:39.524+0000] {processor.py:161} INFO - Started process (PID=9035) to work on /opt/airflow/dags/airbyte_sync_tables_postgres.py
[2024-11-07T00:16:39.529+0000] {processor.py:830} INFO - Processing file /opt/airflow/dags/airbyte_sync_tables_postgres.py for tasks to queue
[2024-11-07T00:16:39.556+0000] {logging_mixin.py:188} INFO - [2024-11-07T00:16:39.551+0000] {dagbag.py:545} INFO - Filling up the DagBag from /opt/airflow/dags/airbyte_sync_tables_postgres.py
[2024-11-07T00:16:40.114+0000] {processor.py:840} INFO - DAG(s) 'airbyte_sync_tables_postgres' retrieved from /opt/airflow/dags/airbyte_sync_tables_postgres.py
[2024-11-07T00:16:40.531+0000] {logging_mixin.py:188} INFO - [2024-11-07T00:16:40.517+0000] {dag.py:3089} INFO - Sync 1 DAGs
[2024-11-07T00:16:41.165+0000] {logging_mixin.py:188} INFO - [2024-11-07T00:16:41.164+0000] {dag.py:3947} INFO - Setting next_dagrun for airbyte_sync_tables_postgres to 2024-11-06 00:00:00+00:00, run_after=2024-11-07 00:00:00+00:00
[2024-11-07T00:16:41.703+0000] {processor.py:183} INFO - Processing /opt/airflow/dags/airbyte_sync_tables_postgres.py took 2.265 seconds
[2024-11-07T00:17:12.420+0000] {processor.py:161} INFO - Started process (PID=9058) to work on /opt/airflow/dags/airbyte_sync_tables_postgres.py
[2024-11-07T00:17:12.438+0000] {processor.py:830} INFO - Processing file /opt/airflow/dags/airbyte_sync_tables_postgres.py for tasks to queue
[2024-11-07T00:17:12.472+0000] {logging_mixin.py:188} INFO - [2024-11-07T00:17:12.470+0000] {dagbag.py:545} INFO - Filling up the DagBag from /opt/airflow/dags/airbyte_sync_tables_postgres.py
[2024-11-07T00:17:12.827+0000] {processor.py:840} INFO - DAG(s) 'airbyte_sync_tables_postgres' retrieved from /opt/airflow/dags/airbyte_sync_tables_postgres.py
[2024-11-07T00:17:13.654+0000] {logging_mixin.py:188} INFO - [2024-11-07T00:17:13.652+0000] {dag.py:3089} INFO - Sync 1 DAGs
[2024-11-07T00:17:14.142+0000] {logging_mixin.py:188} INFO - [2024-11-07T00:17:14.141+0000] {dag.py:3947} INFO - Setting next_dagrun for airbyte_sync_tables_postgres to 2024-11-06 00:00:00+00:00, run_after=2024-11-07 00:00:00+00:00
[2024-11-07T00:17:14.549+0000] {processor.py:183} INFO - Processing /opt/airflow/dags/airbyte_sync_tables_postgres.py took 2.185 seconds
[2024-11-07T00:17:47.132+0000] {processor.py:161} INFO - Started process (PID=9080) to work on /opt/airflow/dags/airbyte_sync_tables_postgres.py
[2024-11-07T00:17:47.157+0000] {processor.py:830} INFO - Processing file /opt/airflow/dags/airbyte_sync_tables_postgres.py for tasks to queue
[2024-11-07T00:17:47.208+0000] {logging_mixin.py:188} INFO - [2024-11-07T00:17:47.178+0000] {dagbag.py:545} INFO - Filling up the DagBag from /opt/airflow/dags/airbyte_sync_tables_postgres.py
[2024-11-07T00:17:47.767+0000] {processor.py:840} INFO - DAG(s) 'airbyte_sync_tables_postgres' retrieved from /opt/airflow/dags/airbyte_sync_tables_postgres.py
[2024-11-07T00:17:48.390+0000] {logging_mixin.py:188} INFO - [2024-11-07T00:17:48.386+0000] {dag.py:3089} INFO - Sync 1 DAGs
[2024-11-07T00:17:48.927+0000] {logging_mixin.py:188} INFO - [2024-11-07T00:17:48.926+0000] {dag.py:3947} INFO - Setting next_dagrun for airbyte_sync_tables_postgres to 2024-11-06 00:00:00+00:00, run_after=2024-11-07 00:00:00+00:00
[2024-11-07T00:17:49.932+0000] {processor.py:183} INFO - Processing /opt/airflow/dags/airbyte_sync_tables_postgres.py took 3.846 seconds
[2024-11-07T00:18:20.383+0000] {processor.py:161} INFO - Started process (PID=9102) to work on /opt/airflow/dags/airbyte_sync_tables_postgres.py
[2024-11-07T00:18:20.387+0000] {processor.py:830} INFO - Processing file /opt/airflow/dags/airbyte_sync_tables_postgres.py for tasks to queue
[2024-11-07T00:18:20.397+0000] {logging_mixin.py:188} INFO - [2024-11-07T00:18:20.395+0000] {dagbag.py:545} INFO - Filling up the DagBag from /opt/airflow/dags/airbyte_sync_tables_postgres.py
[2024-11-07T00:18:20.466+0000] {processor.py:840} INFO - DAG(s) 'airbyte_sync_tables_postgres' retrieved from /opt/airflow/dags/airbyte_sync_tables_postgres.py
[2024-11-07T00:18:20.536+0000] {logging_mixin.py:188} INFO - [2024-11-07T00:18:20.535+0000] {dag.py:3089} INFO - Sync 1 DAGs
[2024-11-07T00:18:20.589+0000] {logging_mixin.py:188} INFO - [2024-11-07T00:18:20.589+0000] {dag.py:3947} INFO - Setting next_dagrun for airbyte_sync_tables_postgres to 2024-11-06 00:00:00+00:00, run_after=2024-11-07 00:00:00+00:00
[2024-11-07T00:18:20.637+0000] {processor.py:183} INFO - Processing /opt/airflow/dags/airbyte_sync_tables_postgres.py took 0.281 seconds
[2024-11-07T00:18:51.118+0000] {processor.py:161} INFO - Started process (PID=9125) to work on /opt/airflow/dags/airbyte_sync_tables_postgres.py
[2024-11-07T00:18:51.120+0000] {processor.py:830} INFO - Processing file /opt/airflow/dags/airbyte_sync_tables_postgres.py for tasks to queue
[2024-11-07T00:18:51.123+0000] {logging_mixin.py:188} INFO - [2024-11-07T00:18:51.123+0000] {dagbag.py:545} INFO - Filling up the DagBag from /opt/airflow/dags/airbyte_sync_tables_postgres.py
[2024-11-07T00:18:51.161+0000] {processor.py:840} INFO - DAG(s) 'airbyte_sync_tables_postgres' retrieved from /opt/airflow/dags/airbyte_sync_tables_postgres.py
[2024-11-07T00:18:51.202+0000] {logging_mixin.py:188} INFO - [2024-11-07T00:18:51.202+0000] {dag.py:3089} INFO - Sync 1 DAGs
[2024-11-07T00:18:51.253+0000] {logging_mixin.py:188} INFO - [2024-11-07T00:18:51.253+0000] {dag.py:3947} INFO - Setting next_dagrun for airbyte_sync_tables_postgres to 2024-11-06 00:00:00+00:00, run_after=2024-11-07 00:00:00+00:00
[2024-11-07T00:18:51.299+0000] {processor.py:183} INFO - Processing /opt/airflow/dags/airbyte_sync_tables_postgres.py took 0.188 seconds
[2024-11-07T00:19:21.772+0000] {processor.py:161} INFO - Started process (PID=9147) to work on /opt/airflow/dags/airbyte_sync_tables_postgres.py
[2024-11-07T00:19:21.773+0000] {processor.py:830} INFO - Processing file /opt/airflow/dags/airbyte_sync_tables_postgres.py for tasks to queue
[2024-11-07T00:19:21.776+0000] {logging_mixin.py:188} INFO - [2024-11-07T00:19:21.776+0000] {dagbag.py:545} INFO - Filling up the DagBag from /opt/airflow/dags/airbyte_sync_tables_postgres.py
[2024-11-07T00:19:21.816+0000] {processor.py:840} INFO - DAG(s) 'airbyte_sync_tables_postgres' retrieved from /opt/airflow/dags/airbyte_sync_tables_postgres.py
[2024-11-07T00:19:21.851+0000] {logging_mixin.py:188} INFO - [2024-11-07T00:19:21.851+0000] {dag.py:3089} INFO - Sync 1 DAGs
[2024-11-07T00:19:21.886+0000] {logging_mixin.py:188} INFO - [2024-11-07T00:19:21.886+0000] {dag.py:3947} INFO - Setting next_dagrun for airbyte_sync_tables_postgres to 2024-11-06 00:00:00+00:00, run_after=2024-11-07 00:00:00+00:00
[2024-11-07T00:19:21.927+0000] {processor.py:183} INFO - Processing /opt/airflow/dags/airbyte_sync_tables_postgres.py took 0.162 seconds
[2024-11-07T00:19:52.541+0000] {processor.py:161} INFO - Started process (PID=9169) to work on /opt/airflow/dags/airbyte_sync_tables_postgres.py
[2024-11-07T00:19:52.543+0000] {processor.py:830} INFO - Processing file /opt/airflow/dags/airbyte_sync_tables_postgres.py for tasks to queue
[2024-11-07T00:19:52.546+0000] {logging_mixin.py:188} INFO - [2024-11-07T00:19:52.545+0000] {dagbag.py:545} INFO - Filling up the DagBag from /opt/airflow/dags/airbyte_sync_tables_postgres.py
[2024-11-07T00:19:52.574+0000] {processor.py:840} INFO - DAG(s) 'airbyte_sync_tables_postgres' retrieved from /opt/airflow/dags/airbyte_sync_tables_postgres.py
[2024-11-07T00:19:52.616+0000] {logging_mixin.py:188} INFO - [2024-11-07T00:19:52.615+0000] {dag.py:3089} INFO - Sync 1 DAGs
[2024-11-07T00:19:52.658+0000] {logging_mixin.py:188} INFO - [2024-11-07T00:19:52.657+0000] {dag.py:3947} INFO - Setting next_dagrun for airbyte_sync_tables_postgres to 2024-11-06 00:00:00+00:00, run_after=2024-11-07 00:00:00+00:00
[2024-11-07T00:19:52.696+0000] {processor.py:183} INFO - Processing /opt/airflow/dags/airbyte_sync_tables_postgres.py took 0.162 seconds
[2024-11-07T00:20:23.202+0000] {processor.py:161} INFO - Started process (PID=9191) to work on /opt/airflow/dags/airbyte_sync_tables_postgres.py
[2024-11-07T00:20:23.206+0000] {processor.py:830} INFO - Processing file /opt/airflow/dags/airbyte_sync_tables_postgres.py for tasks to queue
[2024-11-07T00:20:23.214+0000] {logging_mixin.py:188} INFO - [2024-11-07T00:20:23.213+0000] {dagbag.py:545} INFO - Filling up the DagBag from /opt/airflow/dags/airbyte_sync_tables_postgres.py
[2024-11-07T00:20:23.305+0000] {processor.py:840} INFO - DAG(s) 'airbyte_sync_tables_postgres' retrieved from /opt/airflow/dags/airbyte_sync_tables_postgres.py
[2024-11-07T00:20:23.374+0000] {logging_mixin.py:188} INFO - [2024-11-07T00:20:23.374+0000] {dag.py:3089} INFO - Sync 1 DAGs
[2024-11-07T00:20:23.427+0000] {logging_mixin.py:188} INFO - [2024-11-07T00:20:23.426+0000] {dag.py:3947} INFO - Setting next_dagrun for airbyte_sync_tables_postgres to 2024-11-06 00:00:00+00:00, run_after=2024-11-07 00:00:00+00:00
[2024-11-07T00:20:23.475+0000] {processor.py:183} INFO - Processing /opt/airflow/dags/airbyte_sync_tables_postgres.py took 0.297 seconds
[2024-11-07T00:20:53.823+0000] {processor.py:161} INFO - Started process (PID=9213) to work on /opt/airflow/dags/airbyte_sync_tables_postgres.py
[2024-11-07T00:20:53.824+0000] {processor.py:830} INFO - Processing file /opt/airflow/dags/airbyte_sync_tables_postgres.py for tasks to queue
[2024-11-07T00:20:53.827+0000] {logging_mixin.py:188} INFO - [2024-11-07T00:20:53.827+0000] {dagbag.py:545} INFO - Filling up the DagBag from /opt/airflow/dags/airbyte_sync_tables_postgres.py
[2024-11-07T00:20:53.866+0000] {processor.py:840} INFO - DAG(s) 'airbyte_sync_tables_postgres' retrieved from /opt/airflow/dags/airbyte_sync_tables_postgres.py
[2024-11-07T00:20:53.902+0000] {logging_mixin.py:188} INFO - [2024-11-07T00:20:53.902+0000] {dag.py:3089} INFO - Sync 1 DAGs
[2024-11-07T00:20:53.938+0000] {logging_mixin.py:188} INFO - [2024-11-07T00:20:53.938+0000] {dag.py:3947} INFO - Setting next_dagrun for airbyte_sync_tables_postgres to 2024-11-06 00:00:00+00:00, run_after=2024-11-07 00:00:00+00:00
[2024-11-07T00:20:53.981+0000] {processor.py:183} INFO - Processing /opt/airflow/dags/airbyte_sync_tables_postgres.py took 0.165 seconds
[2024-11-07T00:21:24.695+0000] {processor.py:161} INFO - Started process (PID=9235) to work on /opt/airflow/dags/airbyte_sync_tables_postgres.py
[2024-11-07T00:21:24.697+0000] {processor.py:830} INFO - Processing file /opt/airflow/dags/airbyte_sync_tables_postgres.py for tasks to queue
[2024-11-07T00:21:24.701+0000] {logging_mixin.py:188} INFO - [2024-11-07T00:21:24.700+0000] {dagbag.py:545} INFO - Filling up the DagBag from /opt/airflow/dags/airbyte_sync_tables_postgres.py
[2024-11-07T00:21:24.732+0000] {processor.py:840} INFO - DAG(s) 'airbyte_sync_tables_postgres' retrieved from /opt/airflow/dags/airbyte_sync_tables_postgres.py
[2024-11-07T00:21:24.769+0000] {logging_mixin.py:188} INFO - [2024-11-07T00:21:24.768+0000] {dag.py:3089} INFO - Sync 1 DAGs
[2024-11-07T00:21:24.800+0000] {logging_mixin.py:188} INFO - [2024-11-07T00:21:24.800+0000] {dag.py:3947} INFO - Setting next_dagrun for airbyte_sync_tables_postgres to 2024-11-06 00:00:00+00:00, run_after=2024-11-07 00:00:00+00:00
[2024-11-07T00:21:24.838+0000] {processor.py:183} INFO - Processing /opt/airflow/dags/airbyte_sync_tables_postgres.py took 0.155 seconds
[2024-11-07T00:21:55.341+0000] {processor.py:161} INFO - Started process (PID=9258) to work on /opt/airflow/dags/airbyte_sync_tables_postgres.py
[2024-11-07T00:21:55.343+0000] {processor.py:830} INFO - Processing file /opt/airflow/dags/airbyte_sync_tables_postgres.py for tasks to queue
[2024-11-07T00:21:55.347+0000] {logging_mixin.py:188} INFO - [2024-11-07T00:21:55.346+0000] {dagbag.py:545} INFO - Filling up the DagBag from /opt/airflow/dags/airbyte_sync_tables_postgres.py
[2024-11-07T00:21:55.379+0000] {processor.py:840} INFO - DAG(s) 'airbyte_sync_tables_postgres' retrieved from /opt/airflow/dags/airbyte_sync_tables_postgres.py
[2024-11-07T00:21:55.418+0000] {logging_mixin.py:188} INFO - [2024-11-07T00:21:55.417+0000] {dag.py:3089} INFO - Sync 1 DAGs
[2024-11-07T00:21:55.455+0000] {logging_mixin.py:188} INFO - [2024-11-07T00:21:55.454+0000] {dag.py:3947} INFO - Setting next_dagrun for airbyte_sync_tables_postgres to 2024-11-06 00:00:00+00:00, run_after=2024-11-07 00:00:00+00:00
[2024-11-07T00:21:55.494+0000] {processor.py:183} INFO - Processing /opt/airflow/dags/airbyte_sync_tables_postgres.py took 0.161 seconds
[2024-11-07T00:22:25.925+0000] {processor.py:161} INFO - Started process (PID=9280) to work on /opt/airflow/dags/airbyte_sync_tables_postgres.py
[2024-11-07T00:22:25.926+0000] {processor.py:830} INFO - Processing file /opt/airflow/dags/airbyte_sync_tables_postgres.py for tasks to queue
[2024-11-07T00:22:25.929+0000] {logging_mixin.py:188} INFO - [2024-11-07T00:22:25.929+0000] {dagbag.py:545} INFO - Filling up the DagBag from /opt/airflow/dags/airbyte_sync_tables_postgres.py
[2024-11-07T00:22:25.959+0000] {processor.py:840} INFO - DAG(s) 'airbyte_sync_tables_postgres' retrieved from /opt/airflow/dags/airbyte_sync_tables_postgres.py
[2024-11-07T00:22:25.999+0000] {logging_mixin.py:188} INFO - [2024-11-07T00:22:25.999+0000] {dag.py:3089} INFO - Sync 1 DAGs
[2024-11-07T00:22:26.035+0000] {logging_mixin.py:188} INFO - [2024-11-07T00:22:26.035+0000] {dag.py:3947} INFO - Setting next_dagrun for airbyte_sync_tables_postgres to 2024-11-06 00:00:00+00:00, run_after=2024-11-07 00:00:00+00:00
[2024-11-07T00:22:26.075+0000] {processor.py:183} INFO - Processing /opt/airflow/dags/airbyte_sync_tables_postgres.py took 0.157 seconds
[2024-11-07T00:22:56.711+0000] {processor.py:161} INFO - Started process (PID=9302) to work on /opt/airflow/dags/airbyte_sync_tables_postgres.py
[2024-11-07T00:22:56.713+0000] {processor.py:830} INFO - Processing file /opt/airflow/dags/airbyte_sync_tables_postgres.py for tasks to queue
[2024-11-07T00:22:56.716+0000] {logging_mixin.py:188} INFO - [2024-11-07T00:22:56.715+0000] {dagbag.py:545} INFO - Filling up the DagBag from /opt/airflow/dags/airbyte_sync_tables_postgres.py
[2024-11-07T00:22:56.754+0000] {processor.py:840} INFO - DAG(s) 'airbyte_sync_tables_postgres' retrieved from /opt/airflow/dags/airbyte_sync_tables_postgres.py
[2024-11-07T00:22:56.788+0000] {logging_mixin.py:188} INFO - [2024-11-07T00:22:56.787+0000] {dag.py:3089} INFO - Sync 1 DAGs
[2024-11-07T00:22:56.821+0000] {logging_mixin.py:188} INFO - [2024-11-07T00:22:56.820+0000] {dag.py:3947} INFO - Setting next_dagrun for airbyte_sync_tables_postgres to 2024-11-06 00:00:00+00:00, run_after=2024-11-07 00:00:00+00:00
[2024-11-07T00:22:56.857+0000] {processor.py:183} INFO - Processing /opt/airflow/dags/airbyte_sync_tables_postgres.py took 0.154 seconds
[2024-11-07T00:23:27.365+0000] {processor.py:161} INFO - Started process (PID=9324) to work on /opt/airflow/dags/airbyte_sync_tables_postgres.py
[2024-11-07T00:23:27.366+0000] {processor.py:830} INFO - Processing file /opt/airflow/dags/airbyte_sync_tables_postgres.py for tasks to queue
[2024-11-07T00:23:27.370+0000] {logging_mixin.py:188} INFO - [2024-11-07T00:23:27.369+0000] {dagbag.py:545} INFO - Filling up the DagBag from /opt/airflow/dags/airbyte_sync_tables_postgres.py
[2024-11-07T00:23:27.409+0000] {processor.py:840} INFO - DAG(s) 'airbyte_sync_tables_postgres' retrieved from /opt/airflow/dags/airbyte_sync_tables_postgres.py
[2024-11-07T00:23:27.447+0000] {logging_mixin.py:188} INFO - [2024-11-07T00:23:27.446+0000] {dag.py:3089} INFO - Sync 1 DAGs
[2024-11-07T00:23:27.497+0000] {logging_mixin.py:188} INFO - [2024-11-07T00:23:27.496+0000] {dag.py:3947} INFO - Setting next_dagrun for airbyte_sync_tables_postgres to 2024-11-06 00:00:00+00:00, run_after=2024-11-07 00:00:00+00:00
[2024-11-07T00:23:27.540+0000] {processor.py:183} INFO - Processing /opt/airflow/dags/airbyte_sync_tables_postgres.py took 0.182 seconds
[2024-11-07T00:23:58.022+0000] {processor.py:161} INFO - Started process (PID=9346) to work on /opt/airflow/dags/airbyte_sync_tables_postgres.py
[2024-11-07T00:23:58.023+0000] {processor.py:830} INFO - Processing file /opt/airflow/dags/airbyte_sync_tables_postgres.py for tasks to queue
[2024-11-07T00:23:58.033+0000] {logging_mixin.py:188} INFO - [2024-11-07T00:23:58.032+0000] {dagbag.py:545} INFO - Filling up the DagBag from /opt/airflow/dags/airbyte_sync_tables_postgres.py
[2024-11-07T00:23:58.080+0000] {processor.py:840} INFO - DAG(s) 'airbyte_sync_tables_postgres' retrieved from /opt/airflow/dags/airbyte_sync_tables_postgres.py
[2024-11-07T00:23:58.126+0000] {logging_mixin.py:188} INFO - [2024-11-07T00:23:58.126+0000] {dag.py:3089} INFO - Sync 1 DAGs
[2024-11-07T00:23:58.160+0000] {logging_mixin.py:188} INFO - [2024-11-07T00:23:58.159+0000] {dag.py:3947} INFO - Setting next_dagrun for airbyte_sync_tables_postgres to 2024-11-06 00:00:00+00:00, run_after=2024-11-07 00:00:00+00:00
[2024-11-07T00:23:58.191+0000] {processor.py:183} INFO - Processing /opt/airflow/dags/airbyte_sync_tables_postgres.py took 0.179 seconds
[2024-11-07T00:24:28.681+0000] {processor.py:161} INFO - Started process (PID=9368) to work on /opt/airflow/dags/airbyte_sync_tables_postgres.py
[2024-11-07T00:24:28.683+0000] {processor.py:830} INFO - Processing file /opt/airflow/dags/airbyte_sync_tables_postgres.py for tasks to queue
[2024-11-07T00:24:28.687+0000] {logging_mixin.py:188} INFO - [2024-11-07T00:24:28.686+0000] {dagbag.py:545} INFO - Filling up the DagBag from /opt/airflow/dags/airbyte_sync_tables_postgres.py
[2024-11-07T00:24:28.713+0000] {processor.py:840} INFO - DAG(s) 'airbyte_sync_tables_postgres' retrieved from /opt/airflow/dags/airbyte_sync_tables_postgres.py
[2024-11-07T00:24:28.752+0000] {logging_mixin.py:188} INFO - [2024-11-07T00:24:28.752+0000] {dag.py:3089} INFO - Sync 1 DAGs
[2024-11-07T00:24:28.780+0000] {logging_mixin.py:188} INFO - [2024-11-07T00:24:28.780+0000] {dag.py:3947} INFO - Setting next_dagrun for airbyte_sync_tables_postgres to 2024-11-06 00:00:00+00:00, run_after=2024-11-07 00:00:00+00:00
[2024-11-07T00:24:28.811+0000] {processor.py:183} INFO - Processing /opt/airflow/dags/airbyte_sync_tables_postgres.py took 0.138 seconds
[2024-11-07T00:24:59.433+0000] {processor.py:161} INFO - Started process (PID=9390) to work on /opt/airflow/dags/airbyte_sync_tables_postgres.py
[2024-11-07T00:24:59.434+0000] {processor.py:830} INFO - Processing file /opt/airflow/dags/airbyte_sync_tables_postgres.py for tasks to queue
[2024-11-07T00:24:59.437+0000] {logging_mixin.py:188} INFO - [2024-11-07T00:24:59.436+0000] {dagbag.py:545} INFO - Filling up the DagBag from /opt/airflow/dags/airbyte_sync_tables_postgres.py
[2024-11-07T00:24:59.468+0000] {processor.py:840} INFO - DAG(s) 'airbyte_sync_tables_postgres' retrieved from /opt/airflow/dags/airbyte_sync_tables_postgres.py
[2024-11-07T00:24:59.498+0000] {logging_mixin.py:188} INFO - [2024-11-07T00:24:59.497+0000] {dag.py:3089} INFO - Sync 1 DAGs
[2024-11-07T00:24:59.535+0000] {logging_mixin.py:188} INFO - [2024-11-07T00:24:59.535+0000] {dag.py:3947} INFO - Setting next_dagrun for airbyte_sync_tables_postgres to 2024-11-06 00:00:00+00:00, run_after=2024-11-07 00:00:00+00:00
[2024-11-07T00:24:59.572+0000] {processor.py:183} INFO - Processing /opt/airflow/dags/airbyte_sync_tables_postgres.py took 0.146 seconds
[2024-11-07T00:25:30.004+0000] {processor.py:161} INFO - Started process (PID=9412) to work on /opt/airflow/dags/airbyte_sync_tables_postgres.py
[2024-11-07T00:25:30.005+0000] {processor.py:830} INFO - Processing file /opt/airflow/dags/airbyte_sync_tables_postgres.py for tasks to queue
[2024-11-07T00:25:30.009+0000] {logging_mixin.py:188} INFO - [2024-11-07T00:25:30.008+0000] {dagbag.py:545} INFO - Filling up the DagBag from /opt/airflow/dags/airbyte_sync_tables_postgres.py
[2024-11-07T00:25:30.043+0000] {processor.py:840} INFO - DAG(s) 'airbyte_sync_tables_postgres' retrieved from /opt/airflow/dags/airbyte_sync_tables_postgres.py
[2024-11-07T00:25:30.073+0000] {logging_mixin.py:188} INFO - [2024-11-07T00:25:30.073+0000] {dag.py:3089} INFO - Sync 1 DAGs
[2024-11-07T00:25:30.103+0000] {logging_mixin.py:188} INFO - [2024-11-07T00:25:30.103+0000] {dag.py:3947} INFO - Setting next_dagrun for airbyte_sync_tables_postgres to 2024-11-06 00:00:00+00:00, run_after=2024-11-07 00:00:00+00:00
[2024-11-07T00:25:30.138+0000] {processor.py:183} INFO - Processing /opt/airflow/dags/airbyte_sync_tables_postgres.py took 0.144 seconds
[2024-11-07T00:26:00.652+0000] {processor.py:161} INFO - Started process (PID=9434) to work on /opt/airflow/dags/airbyte_sync_tables_postgres.py
[2024-11-07T00:26:00.653+0000] {processor.py:830} INFO - Processing file /opt/airflow/dags/airbyte_sync_tables_postgres.py for tasks to queue
[2024-11-07T00:26:00.656+0000] {logging_mixin.py:188} INFO - [2024-11-07T00:26:00.656+0000] {dagbag.py:545} INFO - Filling up the DagBag from /opt/airflow/dags/airbyte_sync_tables_postgres.py
[2024-11-07T00:26:00.695+0000] {processor.py:840} INFO - DAG(s) 'airbyte_sync_tables_postgres' retrieved from /opt/airflow/dags/airbyte_sync_tables_postgres.py
[2024-11-07T00:26:00.732+0000] {logging_mixin.py:188} INFO - [2024-11-07T00:26:00.731+0000] {dag.py:3089} INFO - Sync 1 DAGs
[2024-11-07T00:26:00.771+0000] {logging_mixin.py:188} INFO - [2024-11-07T00:26:00.770+0000] {dag.py:3947} INFO - Setting next_dagrun for airbyte_sync_tables_postgres to 2024-11-06 00:00:00+00:00, run_after=2024-11-07 00:00:00+00:00
[2024-11-07T00:26:00.806+0000] {processor.py:183} INFO - Processing /opt/airflow/dags/airbyte_sync_tables_postgres.py took 0.164 seconds
[2024-11-07T00:26:31.239+0000] {processor.py:161} INFO - Started process (PID=9456) to work on /opt/airflow/dags/airbyte_sync_tables_postgres.py
[2024-11-07T00:26:31.240+0000] {processor.py:830} INFO - Processing file /opt/airflow/dags/airbyte_sync_tables_postgres.py for tasks to queue
[2024-11-07T00:26:31.244+0000] {logging_mixin.py:188} INFO - [2024-11-07T00:26:31.243+0000] {dagbag.py:545} INFO - Filling up the DagBag from /opt/airflow/dags/airbyte_sync_tables_postgres.py
[2024-11-07T00:26:31.280+0000] {processor.py:840} INFO - DAG(s) 'airbyte_sync_tables_postgres' retrieved from /opt/airflow/dags/airbyte_sync_tables_postgres.py
[2024-11-07T00:26:31.313+0000] {logging_mixin.py:188} INFO - [2024-11-07T00:26:31.313+0000] {dag.py:3089} INFO - Sync 1 DAGs
[2024-11-07T00:26:31.344+0000] {logging_mixin.py:188} INFO - [2024-11-07T00:26:31.344+0000] {dag.py:3947} INFO - Setting next_dagrun for airbyte_sync_tables_postgres to 2024-11-06 00:00:00+00:00, run_after=2024-11-07 00:00:00+00:00
[2024-11-07T00:26:31.377+0000] {processor.py:183} INFO - Processing /opt/airflow/dags/airbyte_sync_tables_postgres.py took 0.145 seconds
[2024-11-07T00:27:01.871+0000] {processor.py:161} INFO - Started process (PID=9478) to work on /opt/airflow/dags/airbyte_sync_tables_postgres.py
[2024-11-07T00:27:01.874+0000] {processor.py:830} INFO - Processing file /opt/airflow/dags/airbyte_sync_tables_postgres.py for tasks to queue
[2024-11-07T00:27:01.882+0000] {logging_mixin.py:188} INFO - [2024-11-07T00:27:01.879+0000] {dagbag.py:545} INFO - Filling up the DagBag from /opt/airflow/dags/airbyte_sync_tables_postgres.py
[2024-11-07T00:27:01.978+0000] {processor.py:840} INFO - DAG(s) 'airbyte_sync_tables_postgres' retrieved from /opt/airflow/dags/airbyte_sync_tables_postgres.py
[2024-11-07T00:27:02.054+0000] {logging_mixin.py:188} INFO - [2024-11-07T00:27:02.054+0000] {dag.py:3089} INFO - Sync 1 DAGs
[2024-11-07T00:27:02.122+0000] {logging_mixin.py:188} INFO - [2024-11-07T00:27:02.122+0000] {dag.py:3947} INFO - Setting next_dagrun for airbyte_sync_tables_postgres to 2024-11-06 00:00:00+00:00, run_after=2024-11-07 00:00:00+00:00
[2024-11-07T00:27:02.161+0000] {processor.py:183} INFO - Processing /opt/airflow/dags/airbyte_sync_tables_postgres.py took 0.312 seconds
[2024-11-07T00:27:32.452+0000] {processor.py:161} INFO - Started process (PID=9500) to work on /opt/airflow/dags/airbyte_sync_tables_postgres.py
[2024-11-07T00:27:32.453+0000] {processor.py:830} INFO - Processing file /opt/airflow/dags/airbyte_sync_tables_postgres.py for tasks to queue
[2024-11-07T00:27:32.457+0000] {logging_mixin.py:188} INFO - [2024-11-07T00:27:32.456+0000] {dagbag.py:545} INFO - Filling up the DagBag from /opt/airflow/dags/airbyte_sync_tables_postgres.py
[2024-11-07T00:27:32.497+0000] {processor.py:840} INFO - DAG(s) 'airbyte_sync_tables_postgres' retrieved from /opt/airflow/dags/airbyte_sync_tables_postgres.py
[2024-11-07T00:27:32.530+0000] {logging_mixin.py:188} INFO - [2024-11-07T00:27:32.530+0000] {dag.py:3089} INFO - Sync 1 DAGs
[2024-11-07T00:27:32.563+0000] {logging_mixin.py:188} INFO - [2024-11-07T00:27:32.562+0000] {dag.py:3947} INFO - Setting next_dagrun for airbyte_sync_tables_postgres to 2024-11-06 00:00:00+00:00, run_after=2024-11-07 00:00:00+00:00
[2024-11-07T00:27:32.601+0000] {processor.py:183} INFO - Processing /opt/airflow/dags/airbyte_sync_tables_postgres.py took 0.155 seconds
[2024-11-07T00:28:03.314+0000] {processor.py:161} INFO - Started process (PID=9529) to work on /opt/airflow/dags/airbyte_sync_tables_postgres.py
[2024-11-07T00:28:03.320+0000] {processor.py:830} INFO - Processing file /opt/airflow/dags/airbyte_sync_tables_postgres.py for tasks to queue
[2024-11-07T00:28:03.331+0000] {logging_mixin.py:188} INFO - [2024-11-07T00:28:03.329+0000] {dagbag.py:545} INFO - Filling up the DagBag from /opt/airflow/dags/airbyte_sync_tables_postgres.py
[2024-11-07T00:28:03.416+0000] {processor.py:840} INFO - DAG(s) 'airbyte_sync_tables_postgres' retrieved from /opt/airflow/dags/airbyte_sync_tables_postgres.py
[2024-11-07T00:28:03.518+0000] {logging_mixin.py:188} INFO - [2024-11-07T00:28:03.518+0000] {dag.py:3089} INFO - Sync 1 DAGs
[2024-11-07T00:28:03.608+0000] {logging_mixin.py:188} INFO - [2024-11-07T00:28:03.607+0000] {dag.py:3947} INFO - Setting next_dagrun for airbyte_sync_tables_postgres to 2024-11-06 00:00:00+00:00, run_after=2024-11-07 00:00:00+00:00
[2024-11-07T00:28:03.676+0000] {processor.py:183} INFO - Processing /opt/airflow/dags/airbyte_sync_tables_postgres.py took 0.427 seconds
[2024-11-07T00:28:34.636+0000] {processor.py:161} INFO - Started process (PID=9551) to work on /opt/airflow/dags/airbyte_sync_tables_postgres.py
[2024-11-07T00:28:34.638+0000] {processor.py:830} INFO - Processing file /opt/airflow/dags/airbyte_sync_tables_postgres.py for tasks to queue
[2024-11-07T00:28:34.642+0000] {logging_mixin.py:188} INFO - [2024-11-07T00:28:34.641+0000] {dagbag.py:545} INFO - Filling up the DagBag from /opt/airflow/dags/airbyte_sync_tables_postgres.py
[2024-11-07T00:28:34.687+0000] {processor.py:840} INFO - DAG(s) 'airbyte_sync_tables_postgres' retrieved from /opt/airflow/dags/airbyte_sync_tables_postgres.py
[2024-11-07T00:28:34.740+0000] {logging_mixin.py:188} INFO - [2024-11-07T00:28:34.740+0000] {dag.py:3089} INFO - Sync 1 DAGs
[2024-11-07T00:28:34.789+0000] {logging_mixin.py:188} INFO - [2024-11-07T00:28:34.788+0000] {dag.py:3947} INFO - Setting next_dagrun for airbyte_sync_tables_postgres to 2024-11-06 00:00:00+00:00, run_after=2024-11-07 00:00:00+00:00
[2024-11-07T00:28:34.835+0000] {processor.py:183} INFO - Processing /opt/airflow/dags/airbyte_sync_tables_postgres.py took 0.212 seconds
