[2024-10-12T13:18:45.606+0000] {local_task_job_runner.py:120} INFO - ::group::Pre task execution logs
[2024-10-12T13:18:45.723+0000] {taskinstance.py:2076} INFO - Dependencies all met for dep_context=non-requeueable deps ti=<TaskInstance: airbyte_sync_tables_postgres.sync_schemas.RESTRICAO.airbyte_check_sync_RESTRICAO manual__2024-10-12T13:18:35.945033+00:00 [queued]>
[2024-10-12T13:18:45.820+0000] {taskinstance.py:2076} INFO - Dependencies all met for dep_context=requeueable deps ti=<TaskInstance: airbyte_sync_tables_postgres.sync_schemas.RESTRICAO.airbyte_check_sync_RESTRICAO manual__2024-10-12T13:18:35.945033+00:00 [queued]>
[2024-10-12T13:18:45.822+0000] {taskinstance.py:2306} INFO - Starting attempt 1 of 1
[2024-10-12T13:18:46.013+0000] {taskinstance.py:2330} INFO - Executing <Task(AirbyteJobSensor): sync_schemas.RESTRICAO.airbyte_check_sync_RESTRICAO> on 2024-10-12 13:18:35.945033+00:00
[2024-10-12T13:18:46.029+0000] {standard_task_runner.py:90} INFO - Running: ['***', 'tasks', 'run', 'airbyte_sync_tables_postgres', 'sync_schemas.RESTRICAO.airbyte_check_sync_RESTRICAO', 'manual__2024-10-12T13:18:35.945033+00:00', '--job-id', '30', '--raw', '--subdir', 'DAGS_FOLDER/airbyte_sync_tables_postgres.py', '--cfg-path', '/tmp/tmpddnyxn24']
[2024-10-12T13:18:46.105+0000] {standard_task_runner.py:91} INFO - Job 30: Subtask sync_schemas.RESTRICAO.airbyte_check_sync_RESTRICAO
[2024-10-12T13:18:46.112+0000] {logging_mixin.py:188} WARNING - /home/***/.local/lib/python3.12/site-packages/***/task/task_runner/standard_task_runner.py:62 DeprecationWarning: This process (pid=25646) is multi-threaded, use of fork() may lead to deadlocks in the child.
[2024-10-12T13:18:46.114+0000] {standard_task_runner.py:64} INFO - Started process 25649 to run task
[2024-10-12T13:18:46.327+0000] {task_command.py:426} INFO - Running <TaskInstance: airbyte_sync_tables_postgres.sync_schemas.RESTRICAO.airbyte_check_sync_RESTRICAO manual__2024-10-12T13:18:35.945033+00:00 [running]> on host efbb3a47dac9
[2024-10-12T13:18:46.898+0000] {taskinstance.py:2648} INFO - Exporting env vars: AIRFLOW_CTX_DAG_OWNER='vizentec-engdados' AIRFLOW_CTX_DAG_ID='airbyte_sync_tables_postgres' AIRFLOW_CTX_TASK_ID='sync_schemas.RESTRICAO.airbyte_check_sync_RESTRICAO' AIRFLOW_CTX_EXECUTION_DATE='2024-10-12T13:18:35.945033+00:00' AIRFLOW_CTX_TRY_NUMBER='1' AIRFLOW_CTX_DAG_RUN_ID='manual__2024-10-12T13:18:35.945033+00:00'
[2024-10-12T13:18:46.900+0000] {taskinstance.py:430} INFO - ::endgroup::
[2024-10-12T13:18:46.928+0000] {baseoperator.py:400} WARNING - AirbyteJobSensor.execute cannot be called outside TaskInstance!
[2024-10-12T13:18:46.943+0000] {base.py:84} INFO - Using connection ID 'airbyte_conn' for task execution.
[2024-10-12T13:18:47.077+0000] {airbyte.py:113} INFO - Waiting for job 25 to complete.
[2024-10-12T13:19:47.091+0000] {base.py:84} INFO - Using connection ID 'airbyte_conn' for task execution.
[2024-10-12T13:19:47.262+0000] {airbyte.py:113} INFO - Waiting for job 25 to complete.
[2024-10-12T13:20:47.275+0000] {base.py:84} INFO - Using connection ID 'airbyte_conn' for task execution.
[2024-10-12T13:20:47.494+0000] {airbyte.py:113} INFO - Waiting for job 25 to complete.
[2024-10-12T13:21:47.506+0000] {base.py:84} INFO - Using connection ID 'airbyte_conn' for task execution.
[2024-10-12T13:21:47.723+0000] {airbyte.py:113} INFO - Waiting for job 25 to complete.
[2024-10-12T13:22:47.734+0000] {base.py:84} INFO - Using connection ID 'airbyte_conn' for task execution.
[2024-10-12T13:22:48.178+0000] {airbyte.py:108} INFO - Job 25 completed successfully.
[2024-10-12T13:22:48.180+0000] {base.py:294} INFO - Success criteria met. Exiting.
[2024-10-12T13:22:48.181+0000] {taskinstance.py:441} INFO - ::group::Post task execution logs
[2024-10-12T13:22:48.192+0000] {taskinstance.py:1206} INFO - Marking task as SUCCESS. dag_id=airbyte_sync_tables_postgres, task_id=sync_schemas.RESTRICAO.airbyte_check_sync_RESTRICAO, run_id=manual__2024-10-12T13:18:35.945033+00:00, execution_date=20241012T131835, start_date=20241012T131845, end_date=20241012T132248
[2024-10-12T13:22:48.223+0000] {local_task_job_runner.py:243} INFO - Task exited with return code 0
[2024-10-12T13:22:48.266+0000] {taskinstance.py:3503} INFO - 0 downstream tasks scheduled from follow-on schedule check
[2024-10-12T13:22:48.268+0000] {local_task_job_runner.py:222} INFO - ::endgroup::
